=== Next.js PM2 Service Started at Thu Jul 17 20:53:16 UTC 2025 ===
2025-07-17T20:53:18:    ▲ Next.js 15.3.3 (Turbopack)
2025-07-17T20:53:18:    - Local:        http://localhost:3000
2025-07-17T20:53:18:    - Network:      http://169.254.0.21:3000
2025-07-17T20:53:18: 
2025-07-17T20:53:18:  ✓ Starting...
2025-07-17T20:53:18:  ⚠ Invalid next.config.js options detected: 
2025-07-17T20:53:18:  ⚠     Unrecognized key(s) in object: 'turbotrace' at "experimental"
2025-07-17T20:53:18:  ⚠ See more info here: https://nextjs.org/docs/messages/invalid-next-config
2025-07-17T20:53:18: Attention: Next.js now collects completely anonymous telemetry regarding usage.
2025-07-17T20:53:18: This information is used to shape Next.js' roadmap and prioritize features.
2025-07-17T20:53:18: You can learn more, including how to opt-out if you'd not like to participate in this anonymous program, by visiting the following URL:
2025-07-17T20:53:18: https://nextjs.org/telemetry
2025-07-17T20:53:18: 
2025-07-17T20:53:19: 
2025-07-17T20:53:19:    We detected TypeScript in your project and reconfigured your tsconfig.json file for you.
2025-07-17T20:53:19:    The following suggested values were added to your tsconfig.json. These values can be changed to fit your project's needs:
2025-07-17T20:53:19: 
2025-07-17T20:53:19:    	- include was updated to add '.next-dev/types/**/*.ts'
2025-07-17T20:53:19: 
2025-07-17T20:53:20:  ✓ Ready in 1768ms
2025-07-17T20:53:20:  ⚠ Webpack is configured while Turbopack is not, which may cause problems.
2025-07-17T20:53:20:  ⚠ See instructions if you need to configure Turbopack:
2025-07-17T20:53:20:   https://nextjs.org/docs/app/api-reference/next-config-js/turbo
2025-07-17T20:53:20: 
2025-07-17T20:53:21:  ○ Compiling / ...
2025-07-17T20:53:27:  ✓ Compiled / in 5.9s
2025-07-17T20:53:28:  GET / 200 in 7250ms
2025-07-20T08:49:55:  ⨯ ./app/page.tsx:14:1
2025-07-20T08:49:55: Module not found: Can't resolve '@/components/footer'
2025-07-20T08:49:55: [0m [90m 12 |[39m [36mimport[39m { [33mEventCalendar[39m } [36mfrom[39m [32m"@/components/event-calendar"[39m[33m;[39m[0m
2025-07-20T08:49:55: [0m [90m 13 |[39m [36mimport[39m { [33mResourceLibrary[39m } [36mfrom[39m [32m"@/components/resource-library"[39m[33m;[39m[0m
2025-07-20T08:49:55: [0m[31m[1m>[22m[39m[90m 14 |[39m [36mimport[39m { [33mFooter[39m } [36mfrom[39m [32m"@/components/footer"[39m[33m;[39m[0m
2025-07-20T08:49:55: [0m [90m    |[39m [31m[1m^[22m[39m[31m[1m^[22m[39m[31m[1m^[22m[39m[31m[1m^[22m[39m[31m[1m^[22m[39m[31m[1m^[22m[39m[31m[1m^[22m[39m[31m[1m^[22m[39m[31m[1m^[22m[39m[31m[1m^[22m[39m[31m[1m^[22m[39m[31m[1m^[22m[39m[31m[1m^[22m[39m[31m[1m^[22m[39m[31m[1m^[22m[39m[31m[1m^[22m[39m[31m[1m^[22m[39m[31m[1m^[22m[39m[31m[1m^[22m[39m[31m[1m^[22m[39m[31m[1m^[22m[39m[31m[1m^[22m[39m[31m[1m^[22m[39m[31m[1m^[22m[39m[31m[1m^[22m[39m[31m[1m^[22m[39m[31m[1m^[22m[39m[31m[1m^[22m[39m[31m[1m^[22m[39m[31m[1m^[22m[39m[31m[1m^[22m[39m[31m[1m^[22m[39m[31m[1m^[22m[39m[31m[1m^[22m[39m[31m[1m^[22m[39m[31m[1m^[22m[39m[31m[1m^[22m[39m[31m[1m^[22m[39m[31m[1m^[22m[39m[31m[1m^[22m[39m[31m[1m^[22m[39m[31m[1m^[22m[39m[31m[1m^[22m[39m[31m[1m^[22m[39m[31m[1m^[22m[39m[0m
2025-07-20T08:49:55: [0m [90m 15 |[39m[0m
2025-07-20T08:49:55: [0m [90m 16 |[39m [36mexport[39m [36mfunction[39m [33mPage[39m() {[0m
2025-07-20T08:49:55: [0m [90m 17 |[39m   [36mreturn[39m ([0m
2025-07-20T08:49:55: 
2025-07-20T08:49:55: Import map: aliased to relative './components/footer' inside of [project]/
2025-07-20T08:49:55: 
2025-07-20T08:49:55: 
2025-07-20T08:49:55: https://nextjs.org/docs/messages/module-not-found
2025-07-20T08:49:55: 
2025-07-20T08:49:55: 
2025-07-20T08:49:55:  ⨯ ./app/page.tsx:14:1
2025-07-20T08:49:55: Module not found: Can't resolve '@/components/footer'
2025-07-20T08:49:55: [0m [90m 12 |[39m [36mimport[39m { [33mEventCalendar[39m } [36mfrom[39m [32m"@/components/event-calendar"[39m[33m;[39m[0m
2025-07-20T08:49:55: [0m [90m 13 |[39m [36mimport[39m { [33mResourceLibrary[39m } [36mfrom[39m [32m"@/components/resource-library"[39m[33m;[39m[0m
2025-07-20T08:49:55: [0m[31m[1m>[22m[39m[90m 14 |[39m [36mimport[39m { [33mFooter[39m } [36mfrom[39m [32m"@/components/footer"[39m[33m;[39m[0m
2025-07-20T08:49:55: [0m [90m    |[39m [31m[1m^[22m[39m[31m[1m^[22m[39m[31m[1m^[22m[39m[31m[1m^[22m[39m[31m[1m^[22m[39m[31m[1m^[22m[39m[31m[1m^[22m[39m[31m[1m^[22m[39m[31m[1m^[22m[39m[31m[1m^[22m[39m[31m[1m^[22m[39m[31m[1m^[22m[39m[31m[1m^[22m[39m[31m[1m^[22m[39m[31m[1m^[22m[39m[31m[1m^[22m[39m[31m[1m^[22m[39m[31m[1m^[22m[39m[31m[1m^[22m[39m[31m[1m^[22m[39m[31m[1m^[22m[39m[31m[1m^[22m[39m[31m[1m^[22m[39m[31m[1m^[22m[39m[31m[1m^[22m[39m[31m[1m^[22m[39m[31m[1m^[22m[39m[31m[1m^[22m[39m[31m[1m^[22m[39m[31m[1m^[22m[39m[31m[1m^[22m[39m[31m[1m^[22m[39m[31m[1m^[22m[39m[31m[1m^[22m[39m[31m[1m^[22m[39m[31m[1m^[22m[39m[31m[1m^[22m[39m[31m[1m^[22m[39m[31m[1m^[22m[39m[31m[1m^[22m[39m[31m[1m^[22m[39m[31m[1m^[22m[39m[31m[1m^[22m[39m[31m[1m^[22m[39m[31m[1m^[22m[39m[0m
2025-07-20T08:49:55: [0m [90m 15 |[39m[0m
2025-07-20T08:49:55: [0m [90m 16 |[39m [36mexport[39m [36mfunction[39m [33mPage[39m() {[0m
2025-07-20T08:49:55: [0m [90m 17 |[39m   [36mreturn[39m ([0m
2025-07-20T08:49:55: 
2025-07-20T08:49:55: Import map: aliased to relative './components/footer' inside of [project]/
2025-07-20T08:49:55: 
2025-07-20T08:49:55: 
2025-07-20T08:49:55: https://nextjs.org/docs/messages/module-not-found
2025-07-20T08:49:55: 
2025-07-20T08:49:55: 
2025-07-20T08:49:55:  ⨯ ./app/page.tsx:14:1
2025-07-20T08:49:55: Module not found: Can't resolve '@/components/footer'
2025-07-20T08:49:55: [0m [90m 12 |[39m [36mimport[39m { [33mEventCalendar[39m } [36mfrom[39m [32m"@/components/event-calendar"[39m[33m;[39m[0m
2025-07-20T08:49:55: [0m [90m 13 |[39m [36mimport[39m { [33mResourceLibrary[39m } [36mfrom[39m [32m"@/components/resource-library"[39m[33m;[39m[0m
2025-07-20T08:49:55: [0m[31m[1m>[22m[39m[90m 14 |[39m [36mimport[39m { [33mFooter[39m } [36mfrom[39m [32m"@/components/footer"[39m[33m;[39m[0m
2025-07-20T08:49:55: [0m [90m    |[39m [31m[1m^[22m[39m[31m[1m^[22m[39m[31m[1m^[22m[39m[31m[1m^[22m[39m[31m[1m^[22m[39m[31m[1m^[22m[39m[31m[1m^[22m[39m[31m[1m^[22m[39m[31m[1m^[22m[39m[31m[1m^[22m[39m[31m[1m^[22m[39m[31m[1m^[22m[39m[31m[1m^[22m[39m[31m[1m^[22m[39m[31m[1m^[22m[39m[31m[1m^[22m[39m[31m[1m^[22m[39m[31m[1m^[22m[39m[31m[1m^[22m[39m[31m[1m^[22m[39m[31m[1m^[22m[39m[31m[1m^[22m[39m[31m[1m^[22m[39m[31m[1m^[22m[39m[31m[1m^[22m[39m[31m[1m^[22m[39m[31m[1m^[22m[39m[31m[1m^[22m[39m[31m[1m^[22m[39m[31m[1m^[22m[39m[31m[1m^[22m[39m[31m[1m^[22m[39m[31m[1m^[22m[39m[31m[1m^[22m[39m[31m[1m^[22m[39m[31m[1m^[22m[39m[31m[1m^[22m[39m[31m[1m^[22m[39m[31m[1m^[22m[39m[31m[1m^[22m[39m[31m[1m^[22m[39m[31m[1m^[22m[39m[31m[1m^[22m[39m[31m[1m^[22m[39m[31m[1m^[22m[39m[0m
2025-07-20T08:49:55: [0m [90m 15 |[39m[0m
2025-07-20T08:49:55: [0m [90m 16 |[39m [36mexport[39m [36mfunction[39m [33mPage[39m() {[0m
2025-07-20T08:49:55: [0m [90m 17 |[39m   [36mreturn[39m ([0m
2025-07-20T08:49:55: 
2025-07-20T08:49:55: Import map: aliased to relative './components/footer' inside of [project]/
2025-07-20T08:49:55: 
2025-07-20T08:49:55: 
2025-07-20T08:49:55: https://nextjs.org/docs/messages/module-not-found
2025-07-20T08:49:55: 
2025-07-20T08:49:55: 
2025-07-20T08:49:55:  ⨯ ./app/page.tsx:14:1
2025-07-20T08:49:55: Module not found: Can't resolve '@/components/footer'
2025-07-20T08:49:55: [0m [90m 12 |[39m [36mimport[39m { [33mEventCalendar[39m } [36mfrom[39m [32m"@/components/event-calendar"[39m[33m;[39m[0m
2025-07-20T08:49:55: [0m [90m 13 |[39m [36mimport[39m { [33mResourceLibrary[39m } [36mfrom[39m [32m"@/components/resource-library"[39m[33m;[39m[0m
2025-07-20T08:49:55: [0m[31m[1m>[22m[39m[90m 14 |[39m [36mimport[39m { [33mFooter[39m } [36mfrom[39m [32m"@/components/footer"[39m[33m;[39m[0m
2025-07-20T08:49:55: [0m [90m    |[39m [31m[1m^[22m[39m[31m[1m^[22m[39m[31m[1m^[22m[39m[31m[1m^[22m[39m[31m[1m^[22m[39m[31m[1m^[22m[39m[31m[1m^[22m[39m[31m[1m^[22m[39m[31m[1m^[22m[39m[31m[1m^[22m[39m[31m[1m^[22m[39m[31m[1m^[22m[39m[31m[1m^[22m[39m[31m[1m^[22m[39m[31m[1m^[22m[39m[31m[1m^[22m[39m[31m[1m^[22m[39m[31m[1m^[22m[39m[31m[1m^[22m[39m[31m[1m^[22m[39m[31m[1m^[22m[39m[31m[1m^[22m[39m[31m[1m^[22m[39m[31m[1m^[22m[39m[31m[1m^[22m[39m[31m[1m^[22m[39m[31m[1m^[22m[39m[31m[1m^[22m[39m[31m[1m^[22m[39m[31m[1m^[22m[39m[31m[1m^[22m[39m[31m[1m^[22m[39m[31m[1m^[22m[39m[31m[1m^[22m[39m[31m[1m^[22m[39m[31m[1m^[22m[39m[31m[1m^[22m[39m[31m[1m^[22m[39m[31m[1m^[22m[39m[31m[1m^[22m[39m[31m[1m^[22m[39m[31m[1m^[22m[39m[31m[1m^[22m[39m[31m[1m^[22m[39m[31m[1m^[22m[39m[0m
2025-07-20T08:49:55: [0m [90m 15 |[39m[0m
2025-07-20T08:49:55: [0m [90m 16 |[39m [36mexport[39m [36mfunction[39m [33mPage[39m() {[0m
2025-07-20T08:49:55: [0m [90m 17 |[39m   [36mreturn[39m ([0m
2025-07-20T08:49:55: 
2025-07-20T08:49:55: Import map: aliased to relative './components/footer' inside of [project]/
2025-07-20T08:49:55: 
2025-07-20T08:49:55: 
2025-07-20T08:49:55: https://nextjs.org/docs/messages/module-not-found
2025-07-20T08:49:55: 
2025-07-20T08:49:55: 
2025-07-20T08:49:56:  ✓ Compiled in 370ms
2025-07-20T08:50:14:  ⚠ Found a change in next.config.js. Restarting the server to apply the changes...
2025-07-20T08:50:17:    ▲ Next.js 15.3.3 (Turbopack)
2025-07-20T08:50:17:    - Local:        http://localhost:3000
2025-07-20T08:50:17:    - Network:      http://169.254.0.21:3000
2025-07-20T08:50:17: 
2025-07-20T08:50:17:  ✓ Starting...
2025-07-20T08:50:17:  ⚠ Invalid next.config.js options detected: 
2025-07-20T08:50:17:  ⚠     Unrecognized key(s) in object: 'turbotrace' at "experimental"
2025-07-20T08:50:17:  ⚠ See more info here: https://nextjs.org/docs/messages/invalid-next-config
2025-07-20T08:50:19:  ✓ Ready in 2.8s
2025-07-20T08:50:19:  ⚠ Webpack is configured while Turbopack is not, which may cause problems.
2025-07-20T08:50:19:  ⚠ See instructions if you need to configure Turbopack:
2025-07-20T08:50:19:   https://nextjs.org/docs/app/api-reference/next-config-js/turbo
2025-07-20T08:50:19: 
2025-07-20T08:50:23:  ○ Compiling / ...
2025-07-20T08:50:29:  ✓ Compiled / in 6.6s
2025-07-20T08:50:31:  ⨯ [Error: The default export is not a React Component in "/page"] {
2025-07-20T08:50:31:   page: '/'
2025-07-20T08:50:31: }
2025-07-20T08:50:32:  ○ Compiling /_error ...
2025-07-20T08:50:35:  ✓ Compiled /_error in 3.9s
2025-07-20T08:50:37:  GET / 500 in 14234ms
2025-07-20T08:50:38:  ⚠ Cross origin request detected from 3000-i2t8nr917mk8ndrdvmrun-6532622b.e2b.app to /_next/* resource. In a future major version of Next.js, you will need to explicitly configure "allowedDevOrigins" in next.config to allow this.
2025-07-20T08:50:38: Read more: https://nextjs.org/docs/app/api-reference/config/next-config-js/allowedDevOrigins
2025-07-20T08:51:29:  ✓ Compiled in 1073ms
2025-07-20T08:51:30:  ✓ Compiled / in 104ms
2025-07-20T08:51:31:  GET / 200 in 1603ms
2025-07-20T08:52:56:  ⚠ Found a change in next.config.js. Restarting the server to apply the changes...
2025-07-20T08:52:58:    ▲ Next.js 15.3.3 (Turbopack)
2025-07-20T08:52:58:    - Local:        http://localhost:3000
2025-07-20T08:52:58:    - Network:      http://169.254.0.21:3000
2025-07-20T08:52:58: 
2025-07-20T08:52:58:  ✓ Starting...
2025-07-20T08:52:58:  ⚠ Invalid next.config.js options detected: 
2025-07-20T08:52:58:  ⚠     Unrecognized key(s) in object: 'turbotrace' at "experimental"
2025-07-20T08:52:58:  ⚠ See more info here: https://nextjs.org/docs/messages/invalid-next-config
2025-07-20T08:53:00:  ✓ Ready in 2.5s
2025-07-20T08:53:00:  ⚠ Webpack is configured while Turbopack is not, which may cause problems.
2025-07-20T08:53:00:  ⚠ See instructions if you need to configure Turbopack:
2025-07-20T08:53:00:   https://nextjs.org/docs/app/api-reference/next-config-js/turbo
2025-07-20T08:53:00: 
2025-07-20T08:53:05:  ○ Compiling / ...
2025-07-20T08:53:11:  ✓ Compiled / in 7.2s
2025-07-20T08:53:12:  GET / 200 in 7108ms
2025-07-20T08:53:16:  ⚠ Cross origin request detected from 3000-i2t8nr917mk8ndrdvmrun-6532622b.e2b.app to /_next/* resource. In a future major version of Next.js, you will need to explicitly configure "allowedDevOrigins" in next.config to allow this.
2025-07-20T08:53:16: Read more: https://nextjs.org/docs/app/api-reference/config/next-config-js/allowedDevOrigins
2025-07-20T08:57:31:    ▲ Next.js 15.3.3 (Turbopack)
2025-07-20T08:57:31:    - Local:        http://localhost:3000
2025-07-20T08:57:31:    - Network:      http://169.254.0.21:3000
2025-07-20T08:57:31: 
2025-07-20T08:57:31:  ✓ Starting...
2025-07-20T08:57:31:  ⚠ Invalid next.config.js options detected: 
2025-07-20T08:57:31:  ⚠     Unrecognized key(s) in object: 'turbotrace' at "experimental"
2025-07-20T08:57:31:  ⚠ See more info here: https://nextjs.org/docs/messages/invalid-next-config
2025-07-20T08:57:38:  ✓ Ready in 7.2s
2025-07-20T08:57:38:  ⚠ Webpack is configured while Turbopack is not, which may cause problems.
2025-07-20T08:57:38:  ⚠ See instructions if you need to configure Turbopack:
2025-07-20T08:57:38:   https://nextjs.org/docs/app/api-reference/next-config-js/turbo
2025-07-20T08:57:38: 
2025-07-20T09:00:11:  ⚠ Found a change in next.config.js. Restarting the server to apply the changes...
2025-07-20T09:00:12:    ▲ Next.js 15.3.3 (Turbopack)
2025-07-20T09:00:12:    - Local:        http://localhost:3000
2025-07-20T09:00:12:    - Network:      http://169.254.0.21:3000
2025-07-20T09:00:12: 
2025-07-20T09:00:12:  ✓ Starting...
2025-07-20T09:00:14:  ✓ Ready in 1696ms
2025-07-20T09:00:14:  ⚠ Webpack is configured while Turbopack is not, which may cause problems.
2025-07-20T09:00:14:  ⚠ See instructions if you need to configure Turbopack:
2025-07-20T09:00:14:   https://nextjs.org/docs/app/api-reference/next-config-js/turbo
2025-07-20T09:00:14: 
